info it worked if it ends with ok
verbose cli [ 'node', '/usr/local/bin/npm', 'install', '-g', 'karma' ]
info using npm@1.1.4
info using node@v0.6.12
verbose config file /Users/shaselton/.npmrc
verbose config file /usr/local/etc/npmrc
verbose config file /usr/local/lib/node_modules/npm/npmrc
verbose cache add [ 'karma', null ]
silly cache add: name, spec, args [ undefined, 'karma', [ 'karma', null ] ]
verbose parsed url { pathname: 'karma', path: 'karma', href: 'karma' }
verbose addNamed [ 'karma', '' ]
verbose addNamed [ null, '' ]
silly name, range, hasData [ 'karma', '', false ]
verbose raw, before any munging karma
verbose url resolving [ 'https://registry.npmjs.org/', './karma' ]
verbose url resolved https://registry.npmjs.org/karma
http GET https://registry.npmjs.org/karma
http 200 https://registry.npmjs.org/karma
silly get cb [ 200,
silly get cb   { vary: 'Accept',
silly get cb     server: 'CouchDB/1.3.0 (Erlang OTP/R15B03)',
silly get cb     etag: '"8SRY87LKT39Z0XCO9UV2A9VIH"',
silly get cb     date: 'Wed, 14 Aug 2013 04:04:28 GMT',
silly get cb     'content-type': 'application/json',
silly get cb     'content-length': '237563' } ]
verbose mkdir (expected) error ENOENT, no such file or directory '/Users/shaselton/.npm/karma'
verbose mkdir done: /Users/shaselton/.npm/karma 755
silly name, range, hasData 2 [ 'karma', '', true ]
silly versions [ 'karma', [] ]
ERR! Error: No compatible version found: karma
ERR! No valid targets found.
ERR! Perhaps not compatible with your version of node?
ERR!     at installTargetsError (/usr/local/lib/node_modules/npm/lib/cache.js:488:10)
ERR!     at next_ (/usr/local/lib/node_modules/npm/lib/cache.js:438:17)
ERR!     at next (/usr/local/lib/node_modules/npm/lib/cache.js:415:44)
ERR!     at /usr/local/lib/node_modules/npm/lib/cache.js:408:5
ERR!     at saved (/usr/local/lib/node_modules/npm/lib/utils/npm-registry-client/get.js:147:7)
ERR!     at Object.oncomplete (/usr/local/lib/node_modules/npm/node_modules/graceful-fs/graceful-fs.js:231:7)
ERR! You may report this log at:
ERR!     <http://github.com/isaacs/npm/issues>
ERR! or email it to:
ERR!     <npm-@googlegroups.com>
ERR! 
ERR! System Darwin 11.4.2
ERR! command "node" "/usr/local/bin/npm" "install" "-g" "karma"
ERR! cwd /Users/shaselton/Desktop/projects/jTroung/angular-test
ERR! node -v v0.6.12
ERR! npm -v 1.1.4
ERR! message No compatible version found: karma
ERR! message No valid targets found.
ERR! message Perhaps not compatible with your version of node?
verbose exit [ 1, true ]
